

***********************************************************************
Fatal NI connect error 12203, connecting to:
 (DESCRIPTION=(ADDRESS_LIST=(ADDRESS=(COMMUNITY=tcp.world)(PROTOCOL=TCP)(Host=192.168.1.4)(Port=1521)))(CONNECT_DATA=(SID=ORCL)(CID=(PROGRAM=C:\Program Files\Sybase\PowerBuilder 8.0\pb80.exe)(HOST=ITPC)(USER=carchila))))

  VERSION INFORMATION:
	TNS for 32-bit Windows: Version 8.0.6.3.0 - Production
	Windows NT TCP/IP NT Protocol Adapter for 32-bit Windows: Version 8.0.6.0.0 - Production
  Time: 22-APR-2010 16:20:13
  Tracing not turned on.
  Tns error struct:
    nr err code: 12203
    TNS-12203: TNS:unable to connect to destination
    ns main err code: 12535
    TNS-12535: TNS:operation timed out
    ns secondary err code: 12560
    nt main err code: 505
    TNS-00505: Operation timed out
    nt secondary err code: 60
    nt OS err code: 0


***********************************************************************
Fatal NI connect error 12203, connecting to:
 (DESCRIPTION=(ADDRESS_LIST=(ADDRESS=(COMMUNITY=tcp.world)(PROTOCOL=TCP)(Host=192.168.1.4)(Port=1521)))(CONNECT_DATA=(SID=ORCL)(CID=(PROGRAM=C:\Program Files\Sybase\PowerBuilder 8.0\pb80.exe)(HOST=ITPC)(USER=carchila))))

  VERSION INFORMATION:
	TNS for 32-bit Windows: Version 8.0.6.3.0 - Production
	Windows NT TCP/IP NT Protocol Adapter for 32-bit Windows: Version 8.0.6.0.0 - Production
  Time: 22-APR-2010 16:20:34
  Tracing not turned on.
  Tns error struct:
    nr err code: 12203
    TNS-12203: TNS:unable to connect to destination
    ns main err code: 12535
    TNS-12535: TNS:operation timed out
    ns secondary err code: 12560
    nt main err code: 505
    TNS-00505: Operation timed out
    nt secondary err code: 60
    nt OS err code: 0
